



<!DOCTYPE html>
<html lang="en">
<head>
	<meta charset="utf-8" />
	<title>ExtentReports</title>
	<meta name="description" content="extent" />
	<meta name="viewport" content="width=device-width, initial-scale=1, maximum-scale=1, minimal-ui" />
	<meta http-equiv="X-UA-Compatible" content="IE=edge">
	<meta name="apple-mobile-web-app-capable" content="yes">
	<meta name="apple-mobile-web-app-status-barstyle" content="black-translucent">
	<meta name="apple-mobile-web-app-title" content="extent">
	<meta name="mobile-web-app-capable" content="yes">
	<link rel="stylesheet" href="https://cdnjs.cloudflare.com/ajax/libs/font-awesome/4.7.0/css/font-awesome.min.css">
	<link rel="stylesheet" href="https://cdn.jsdelivr.net/gh/extent-framework/extent-github-cdn@832f979664f9d68bf618db3ac87498ac6c1a6390/logger/css/logger-style.css" type="text/css" />
</head>
	<body class="standard">
		<div class="app" id="app">
<div id="aside" class="app-aside fade box-shadow-x folded dark">
	<div class="sidenav modal-dialog dk">
		<div class="navbar">
			<a href="#" class="navbar-brand">
			<span class="d-inline small"><img src="https://cdn.rawgit.com/extent-framework/extent-github-cdn/d74480e/commons/img/logo.png"></span>
			</a>
		</div>
		<div class="flex hide-scroll">
			<div class="scroll">
				<div class="nav-border b-primary">
					<ul class="nav bg">
						<li>
							<a href="index.html">
							<span class="nav-icon">
							<i class="fa fa-align-left"></i>
							</span>
							<span class="nav-text">Tests</span>
							</a>
						</li>
												<li>
							<a href="exception.html">
							<span class="nav-icon">
							<i class="fa fa-warning"></i>
							</span>
							<span class="nav-text">Exceptions</span>
							</a>
						</li>
						<li>
							<a href="dashboard.html">
							<span class="nav-icon">
							<i class="fa fa-dashboard"></i>
							</span>
							<span class="nav-text">Dashboard</span>
							</a>
						</li>
						<li class="pb-2 hidden-folded"></li>
					</ul>
				</div>
			</div>
		</div>
		<div class="no-shrink">
			<div class="nav-fold">
				<a id="lightsout" class="d-flex p-2-3"><span><i class="fa fa-desktop"></i></span></a>
				<div class="hidden-folded flex p-2-3 bg">
					<div class="d-flex p-1">
						<a href="http://github.com/extent-framework/extentreports" class="flex text-nowrap"><i class="fa fa-github"></i></a>
						<a href="http://extentreports.com" class="px-2"><i class="fa fa-book"></i></a>
					</div>
				</div>
			</div>
		</div>
	</div>
</div>			<div id="content" class="app-content box-shadow-0" role="main">
				<div class="content-header white box-shadow d-lg-none" id="content-header">
					<div class="navbar navbar-expand-lg">
						<a class="d-lg-none mx-2" data-toggle="modal" data-target="#aside">
							<svg xmlns="http://www.w3.org/2000/svg" width="24" height="24" viewBox="0 0 512 512">
								<path d="M80 304h352v16H80zM80 248h352v16H80zM80 192h352v16H80z"/>
							</svg>
						</a>
						<div class="navbar-text nav-title flex" id="pageTitle"><img src="logo.png"></div>
					</div>
				</div>
				<div class="content-main d-flex flex" id="content-main">
					<div class="d-flex flex fixed-height">

<div class="fade aside aside-sm b-r" id="content-aside">
	<div class="modal-dialog d-flex flex-column h-100">
		<div class="navbar box-shadow">
			<div class="input-group flex mr-1">
              	<input id="qt" type="text" class="form-control px-0 no-bg no-border no-shadow search" placeholder="Search..." required="">
              	<span class="input-group-btn">
                	<button class="btn no-bg no-border no-shadow" type="button"><i class="fa fa-search text-muted text-xs"></i></button>
              	</span>
            </div>
		</div>
		<div class="scrollable hover">
			<div class="list inset">
				<div class="p-2 px-3 text-muted text-sm">Tags</div>
					<div class="list-item attr">
						<div class="list-body">
							<a href="#" class="item-title _500">org.openqa.selenium.NoSuchElementException</a>
							<div class="item-except text-sm text-muted h-1x">
								1 tests
							</div>
							<div class="tc d-none">
								<h5 class="mb-4">org.openqa.selenium.NoSuchElementException</h5>
								<table class="table">
									<thead><tr>
										<th id="status-col"></th>
										<th>Test</th>
										<th>Duration</th>
										<th>Attributes</th>
										<th>Media</th>
										<th>Source</th>
									</tr></thead>
									<tbody>
	
<tr class="s-fail" test-id="9" parent-id="1">
	<td><span class="w-32 avatar circle fail"><span class="badge">fail</span></span></td>
	<td class="_600">When click on deal summary section gear icon <br/><span class="text-muted text-sm">Deal Summary varification</span></td>
	<td>0h 0m 12s+117msc</td>
	<td></td>
	<td>
	</td>
	<td class="static"><i class="static fa fa-external-link"></i></td>
</tr>
<tr class="details">
	<td colspan="5">
		
		<textarea disabled class="code-block">org.openqa.selenium.NoSuchElementException: Cannot locate an element using xpath=/html/body/div[3]/div/div[3]/button[@class='ui red button']
For documentation on this error, please visit: https://www.seleniumhq.org/exceptions/no_such_element.html
Build info: version: '3.141.59', revision: 'e82be7d358', time: '2018-11-14T08:17:03'
System info: host: 'LAPTOP-FL730MCA', ip: '10.0.0.34', os.name: 'Windows 10', os.arch: 'amd64', os.version: '10.0', java.version: '13.0.2'
Driver info: driver.version: RemoteWebDriver
	at org.openqa.selenium.remote.RemoteWebDriver.findElement(RemoteWebDriver.java:327)
	at org.openqa.selenium.remote.RemoteWebDriver.findElementByXPath(RemoteWebDriver.java:428)
	at org.openqa.selenium.By$ByXPath.findElement(By.java:353)
	at org.openqa.selenium.remote.RemoteWebDriver.findElement(RemoteWebDriver.java:315)
	at com.SeleniumReusableFunctions.SeleniumUtilities.alertHandle(SeleniumUtilities.java:111)
	at com.Pages.Home.Home_Page.clickDealSummaryGearIcon(Home_Page.java:135)
	at com.StepDefinition.Home.Home_Steps.click_on_deal_summary_section_gear_icon(Home_Steps.java:51)
	at âœ½.click on deal summary section gear icon(file:///C:/Users/bala_/git/CogmentoProject/CogmentoApplicationProject/src/test/resources/Features/Home.feature:12)
</textarea>
	</td>
</tr>
									</tbody>
								</table>
							</div>
						</div>
					</div>
					<div class="list-item attr">
						<div class="list-body">
							<a href="#" class="item-title _500">org.openqa.selenium.NoSuchWindowException</a>
							<div class="item-except text-sm text-muted h-1x">
								2 tests
							</div>
							<div class="tc d-none">
								<h5 class="mb-4">org.openqa.selenium.NoSuchWindowException</h5>
								<table class="table">
									<thead><tr>
										<th id="status-col"></th>
										<th>Test</th>
										<th>Duration</th>
										<th>Attributes</th>
										<th>Media</th>
										<th>Source</th>
									</tr></thead>
									<tbody>
	
<tr class="s-fail" test-id="16" parent-id="1">
	<td><span class="w-32 avatar circle fail"><span class="badge">fail</span></span></td>
	<td class="_600">When Click on activity stream section gear icon <br/><span class="text-muted text-sm">Activity stream verification</span></td>
	<td>0h 0m 0s+34msc</td>
	<td></td>
	<td>
	</td>
	<td class="static"><i class="static fa fa-external-link"></i></td>
</tr>
<tr class="details">
	<td colspan="5">
		
		<textarea disabled class="code-block">org.openqa.selenium.NoSuchWindowException: no such window: target window already closed
from unknown error: web view not found
  (Session info: chrome=85.0.4183.83)
Build info: version: '3.141.59', revision: 'e82be7d358', time: '2018-11-14T08:17:03'
System info: host: 'LAPTOP-FL730MCA', ip: '10.0.0.34', os.name: 'Windows 10', os.arch: 'amd64', os.version: '10.0', java.version: '13.0.2'
Driver info: org.openqa.selenium.chrome.ChromeDriver
Capabilities {acceptInsecureCerts: false, browserName: chrome, browserVersion: 85.0.4183.83, chrome: {chromedriverVersion: 85.0.4183.87 (cd6713ebf92fa..., userDataDir: C:\Users\bala_\AppData\Loca...}, goog:chromeOptions: {debuggerAddress: localhost:65429}, javascriptEnabled: true, networkConnectionEnabled: false, pageLoadStrategy: normal, platform: WINDOWS, platformName: WINDOWS, proxy: Proxy(), setWindowRect: true, strictFileInteractability: false, timeouts: {implicit: 0, pageLoad: 300000, script: 30000}, unhandledPromptBehavior: dismiss and notify, webauthn:virtualAuthenticators: true}
Session ID: 7d7b62f49b18b152585df69fa1653ae7
*** Element info: {Using=xpath, value=//div[@class='content card-header']//i[@class='right floated setting icon color-gray']}
	at java.base/jdk.internal.reflect.NativeConstructorAccessorImpl.newInstance0(Native Method)
	at java.base/jdk.internal.reflect.NativeConstructorAccessorImpl.newInstance(NativeConstructorAccessorImpl.java:62)
	at java.base/jdk.internal.reflect.DelegatingConstructorAccessorImpl.newInstance(DelegatingConstructorAccessorImpl.java:45)
	at java.base/java.lang.reflect.Constructor.newInstanceWithCaller(Constructor.java:500)
	at java.base/java.lang.reflect.Constructor.newInstance(Constructor.java:481)
	at org.openqa.selenium.remote.http.W3CHttpResponseCodec.createException(W3CHttpResponseCodec.java:187)
	at org.openqa.selenium.remote.http.W3CHttpResponseCodec.decode(W3CHttpResponseCodec.java:122)
	at org.openqa.selenium.remote.http.W3CHttpResponseCodec.decode(W3CHttpResponseCodec.java:49)
	at org.openqa.selenium.remote.HttpCommandExecutor.execute(HttpCommandExecutor.java:158)
	at org.openqa.selenium.remote.service.DriverCommandExecutor.execute(DriverCommandExecutor.java:83)
	at org.openqa.selenium.remote.RemoteWebDriver.execute(RemoteWebDriver.java:552)
	at org.openqa.selenium.remote.RemoteWebDriver.findElement(RemoteWebDriver.java:323)
	at org.openqa.selenium.remote.RemoteWebDriver.findElementByXPath(RemoteWebDriver.java:428)
	at org.openqa.selenium.By$ByXPath.findElement(By.java:353)
	at org.openqa.selenium.remote.RemoteWebDriver.findElement(RemoteWebDriver.java:315)
	at org.openqa.selenium.support.pagefactory.DefaultElementLocator.findElement(DefaultElementLocator.java:69)
	at org.openqa.selenium.support.pagefactory.internal.LocatingElementHandler.invoke(LocatingElementHandler.java:38)
	at com.sun.proxy.$Proxy19.click(Unknown Source)
	at com.Pages.Home.Home_Page.clickActivitySettingGear(Home_Page.java:161)
	at com.StepDefinition.Home.Home_Steps.click_on_activity_stream_section_gear_icon(Home_Steps.java:83)
	at âœ½.Click on activity stream section gear icon(file:///C:/Users/bala_/git/CogmentoProject/CogmentoApplicationProject/src/test/resources/Features/Home.feature:20)
</textarea>
	</td>
</tr>
	
<tr class="s-fail" test-id="33" parent-id="1">
	<td><span class="w-32 avatar circle fail"><span class="badge">fail</span></span></td>
	<td class="_600">When Click Deals section gear icon <br/><span class="text-muted text-sm">Deals section verification</span></td>
	<td>0h 0m 0s+30msc</td>
	<td></td>
	<td>
	</td>
	<td class="static"><i class="static fa fa-external-link"></i></td>
</tr>
<tr class="details">
	<td colspan="5">
		
		<textarea disabled class="code-block">org.openqa.selenium.NoSuchWindowException: no such window: target window already closed
from unknown error: web view not found
  (Session info: chrome=85.0.4183.83)
Build info: version: '3.141.59', revision: 'e82be7d358', time: '2018-11-14T08:17:03'
System info: host: 'LAPTOP-FL730MCA', ip: '10.0.0.34', os.name: 'Windows 10', os.arch: 'amd64', os.version: '10.0', java.version: '13.0.2'
Driver info: org.openqa.selenium.chrome.ChromeDriver
Capabilities {acceptInsecureCerts: false, browserName: chrome, browserVersion: 85.0.4183.83, chrome: {chromedriverVersion: 85.0.4183.87 (cd6713ebf92fa..., userDataDir: C:\Users\bala_\AppData\Loca...}, goog:chromeOptions: {debuggerAddress: localhost:65429}, javascriptEnabled: true, networkConnectionEnabled: false, pageLoadStrategy: normal, platform: WINDOWS, platformName: WINDOWS, proxy: Proxy(), setWindowRect: true, strictFileInteractability: false, timeouts: {implicit: 0, pageLoad: 300000, script: 30000}, unhandledPromptBehavior: dismiss and notify, webauthn:virtualAuthenticators: true}
Session ID: 7d7b62f49b18b152585df69fa1653ae7
*** Element info: {Using=xpath, value=//*[@id='ui']/div/div[2]/div[2]/div/div/div[2]/div[2]/div/div[1]/a[2]/i[@class='right floated setting icon color-gray']}
	at java.base/jdk.internal.reflect.NativeConstructorAccessorImpl.newInstance0(Native Method)
	at java.base/jdk.internal.reflect.NativeConstructorAccessorImpl.newInstance(NativeConstructorAccessorImpl.java:62)
	at java.base/jdk.internal.reflect.DelegatingConstructorAccessorImpl.newInstance(DelegatingConstructorAccessorImpl.java:45)
	at java.base/java.lang.reflect.Constructor.newInstanceWithCaller(Constructor.java:500)
	at java.base/java.lang.reflect.Constructor.newInstance(Constructor.java:481)
	at org.openqa.selenium.remote.http.W3CHttpResponseCodec.createException(W3CHttpResponseCodec.java:187)
	at org.openqa.selenium.remote.http.W3CHttpResponseCodec.decode(W3CHttpResponseCodec.java:122)
	at org.openqa.selenium.remote.http.W3CHttpResponseCodec.decode(W3CHttpResponseCodec.java:49)
	at org.openqa.selenium.remote.HttpCommandExecutor.execute(HttpCommandExecutor.java:158)
	at org.openqa.selenium.remote.service.DriverCommandExecutor.execute(DriverCommandExecutor.java:83)
	at org.openqa.selenium.remote.RemoteWebDriver.execute(RemoteWebDriver.java:552)
	at org.openqa.selenium.remote.RemoteWebDriver.findElement(RemoteWebDriver.java:323)
	at org.openqa.selenium.remote.RemoteWebDriver.findElementByXPath(RemoteWebDriver.java:428)
	at org.openqa.selenium.By$ByXPath.findElement(By.java:353)
	at org.openqa.selenium.remote.RemoteWebDriver.findElement(RemoteWebDriver.java:315)
	at org.openqa.selenium.support.pagefactory.DefaultElementLocator.findElement(DefaultElementLocator.java:69)
	at org.openqa.selenium.support.pagefactory.internal.LocatingElementHandler.invoke(LocatingElementHandler.java:38)
	at com.sun.proxy.$Proxy19.click(Unknown Source)
	at com.Pages.Home.Home_Page.clickOnDealSectionGearIcon(Home_Page.java:239)
	at com.StepDefinition.Home.Home_Steps.click_Deals_section_gear_icon(Home_Steps.java:180)
	at âœ½.Click Deals section gear icon(file:///C:/Users/bala_/git/CogmentoProject/CogmentoApplicationProject/src/test/resources/Features/Home.feature:38)
</textarea>
	</td>
</tr>
									</tbody>
								</table>
							</div>
						</div>
					</div>
			</div>
		</div>
	</div>
</div>						<div class="d-flex flex" id="content-body">
							<div class="d-flex flex-column flex white">
								<div class="navbar flex-nowrap box-shadow">
									<a data-toggle="modal" data-target="#content-aside" data-modal class="mr-1 d-md-none">
									<span class="btn btn-sm btn-icon primary">
									<i class="fa fa-th"></i>
									</span>
									</a>
									<div class="input-group flex mr-1 hidden-sm-down">
						              	<input id="qc" type="text" class="form-control px-0 no-bg no-border no-shadow search" placeholder="Search..." required="">
						              	<span class="input-group-btn">
						                	<button class="btn no-bg no-border no-shadow" type="button"><i class="fa fa-search text-muted text-xs"></i></button>
						              	</span>
						            </div>
									<ul class="nav nav-xs flex-row no-border pull-right">
<li><a href="#" class="b-l"><span class="badge badge-pull">ExtentReports</span></a></li>
<li><a href="#" class="b-l"><span class="badge badge-pull">Sep 6, 2020 10:43:13 AM</span></a></li>
<li><a href="#" class="b-l"><span class="badge badge-pull">4.0</span></a></li>
								    </ul>
								</div>
								<div class="scroll-y">
									<div id="tcp" class="p-3"></div>
								</div>
							</div>
						</div>
					</div>
				</div>
			</div>
		</div>
		<script src="https://cdn.jsdelivr.net/gh/extent-framework/extent-github-cdn@832f979664f9d68bf618db3ac87498ac6c1a6390/commons/js/attr.js"></script>
	</body>
</html>

